2008/12/31 13:51:04
Login CDPDatabaseClient::SendLeave (jhma03) - Wed Dec 31 13:51:04 2008


2008/12/31 13:51:28
Login CDPDatabaseClient::SendLeave (jhma03) - Wed Dec 31 13:51:28 2008


2008/12/31 14:12:27
Login CDPDatabaseClient::SendLeave (jhma03) - Wed Dec 31 14:12:27 2008


2009/ 1/ 8 16:18:13
Login CDPDatabaseClient::SendLeave (jhma02) - Thu Jan 08 16:18:13 2009


2009/ 1/ 8 16:18:18
Login CDPDatabaseClient::SendLeave (jhma03) - Thu Jan 08 16:18:18 2009


2009/ 1/ 8 17:00:55
Login CDPDatabaseClient::SendLeave (jhma03) - Thu Jan 08 17:00:55 2009


2009/ 1/ 8 17:00:55
Login CDPDatabaseClient::SendLeave (jhma02) - Thu Jan 08 17:00:55 2009


2009/ 1/ 8 17:31:14
Login CDPDatabaseClient::SendLeave (jhma02) - Thu Jan 08 17:31:14 2009


2009/ 1/ 8 17:31:14
Login CDPDatabaseClient::SendLeave (jhma03) - Thu Jan 08 17:31:14 2009


2009/ 1/ 8 17:37:09
Login CDPDatabaseClient::SendLeave (jhma02) - Thu Jan 08 17:37:09 2009


2009/ 1/ 8 17:37:22
Login CDPDatabaseClient::SendLeave (jhma03) - Thu Jan 08 17:37:22 2009


2009/ 1/ 8 18:15:13
Login CDPDatabaseClient::SendLeave (jhma02) - Thu Jan 08 18:15:13 2009


2009/ 1/ 8 18:19:47
Login CDPDatabaseClient::SendLeave (jhma02) - Thu Jan 08 18:19:47 2009


2009/ 1/ 8 18:41:00
Login CDPDatabaseClient::SendLeave (jhma02) - Thu Jan 08 18:41:00 2009


2009/ 1/ 8 18:42:17
Login CDPDatabaseClient::SendLeave (jhma02) - Thu Jan 08 18:42:17 2009


2009/ 1/ 8 18:43:27
Login CDPDatabaseClient::SendLeave (jhma02) - Thu Jan 08 18:43:27 2009


2009/ 1/ 8 19:34:52
Login CDPDatabaseClient::SendLeave (jhma03) - Thu Jan 08 19:34:52 2009


2009/ 1/ 8 19:35:16
Login CDPDatabaseClient::SendLeave (jhma02) - Thu Jan 08 19:35:16 2009


2009/ 1/ 8 20:50:21
Login CDPDatabaseClient::SendLeave (jhma03) - Thu Jan 08 20:50:21 2009


2009/ 1/ 8 20:50:28
Login CDPDatabaseClient::SendLeave (jhma02) - Thu Jan 08 20:50:28 2009


2009/ 1/ 8 20:55:38
Login CDPDatabaseClient::SendLeave (jhma03) - Thu Jan 08 20:55:38 2009


2009/ 1/ 8 20:56:58
Login CDPDatabaseClient::SendLeave (jhma03) - Thu Jan 08 20:56:58 2009


2009/ 1/ 8 20:58:07
Login CDPDatabaseClient::SendLeave (jhma02) - Thu Jan 08 20:58:07 2009


2009/ 1/ 8 21:02:45
Login CDPDatabaseClient::SendLeave (jhma03) - Thu Jan 08 21:02:45 2009


2009/ 1/ 8 21:04:54
Login CDPDatabaseClient::SendLeave (jhma02) - Thu Jan 08 21:04:54 2009


2009/ 1/ 8 21:05:11
Login CDPDatabaseClient::SendLeave (jhma03) - Thu Jan 08 21:05:11 2009


2009/ 1/ 8 21:22:47
Login CDPDatabaseClient::SendLeave (jhma03) - Thu Jan 08 21:22:47 2009


2009/ 1/ 8 21:25:58
Login CDPDatabaseClient::SendLeave (jhma03) - Thu Jan 08 21:25:58 2009


2009/ 1/ 8 21:29:32
Login CDPDatabaseClient::SendLeave (jhma03) - Thu Jan 08 21:29:32 2009


2009/ 1/ 8 21:38:08
Login CDPDatabaseClient::SendLeave (jhma03) - Thu Jan 08 21:38:08 2009


2009/ 1/ 8 21:46:15
Login CDPDatabaseClient::SendLeave (jhma03) - Thu Jan 08 21:46:15 2009


2009/ 1/ 8 21:47:25
Login CDPDatabaseClient::SendLeave (jhma03) - Thu Jan 08 21:47:25 2009


2009/ 1/ 8 21:47:27
Login CDPDatabaseClient::SendLeave (jhma02) - Thu Jan 08 21:47:27 2009


2009/ 1/ 8 21:54:00
Login CDPDatabaseClient::SendLeave (jhma02) - Thu Jan 08 21:54:00 2009


2009/ 1/ 8 21:57:33
Login CDPDatabaseClient::SendLeave (jhma02) - Thu Jan 08 21:57:33 2009


2009/ 1/ 8 22:04:33
Login CDPDatabaseClient::SendLeave (jhma02) - Thu Jan 08 22:04:33 2009


2009/ 1/ 8 22:08:57
Login CDPDatabaseClient::SendLeave (jhma02) - Thu Jan 08 22:08:57 2009


2009/ 1/ 8 22:10:58
Login CDPDatabaseClient::SendLeave (jhma02) - Thu Jan 08 22:10:58 2009


2009/ 1/ 8 22:14:10
Login CDPDatabaseClient::SendLeave (jhma02) - Thu Jan 08 22:14:10 2009


2009/ 1/ 8 22:16:15
Login CDPDatabaseClient::SendLeave (jhma02) - Thu Jan 08 22:16:15 2009


2009/ 1/ 8 22:18:51
Login CDPDatabaseClient::SendLeave (jhma02) - Thu Jan 08 22:18:51 2009


2009/ 1/ 8 22:21:16
Login CDPDatabaseClient::SendLeave (jhma02) - Thu Jan 08 22:21:16 2009


2009/ 1/ 8 22:23:01
Login CDPDatabaseClient::SendLeave (jhma02) - Thu Jan 08 22:23:01 2009


2009/ 1/ 8 22:24:26
Login CDPDatabaseClient::SendLeave (jhma02) - Thu Jan 08 22:24:26 2009


2009/ 1/ 8 22:25:27
Login CDPDatabaseClient::SendLeave (jhma02) - Thu Jan 08 22:25:27 2009


2009/ 1/ 8 22:42:59
Login CDPDatabaseClient::SendLeave (jhma02) - Thu Jan 08 22:42:59 2009


2009/ 1/ 8 22:46:51
Login CDPDatabaseClient::SendLeave (jhma02) - Thu Jan 08 22:46:51 2009


2009/ 1/ 8 23:02:30
Login CDPDatabaseClient::SendLeave (jhma02) - Thu Jan 08 23:02:30 2009


2009/ 1/ 8 23:21:48
Login CDPDatabaseClient::SendLeave (jhma02) - Thu Jan 08 23:21:48 2009


2009/ 1/ 8 23:41:15
Login CDPDatabaseClient::SendLeave (jhma02) - Thu Jan 08 23:41:15 2009


2009/ 1/ 8 23:42:51
Login CDPDatabaseClient::SendLeave (jhma02) - Thu Jan 08 23:42:51 2009


2009/ 1/ 8 23:43:23
Login CDPDatabaseClient::SendLeave (jhma02) - Thu Jan 08 23:43:23 2009


2009/ 1/ 8 23:45:13
Login CDPDatabaseClient::SendLeave (jhma02) - Thu Jan 08 23:45:13 2009


2009/ 1/ 8 23:46:40
Login CDPDatabaseClient::SendLeave (jhma02) - Thu Jan 08 23:46:40 2009


2009/ 1/ 8 23:47:39
Login CDPDatabaseClient::SendLeave (jhma02) - Thu Jan 08 23:47:39 2009


2009/ 1/ 8 23:53:12
Login CDPDatabaseClient::SendLeave (jhma03) - Thu Jan 08 23:53:12 2009


2009/ 1/ 8 23:53:15
Login CDPDatabaseClient::SendLeave (jhma02) - Thu Jan 08 23:53:15 2009


2009/ 1/ 9 00:01:10
Login CDPDatabaseClient::SendLeave (jhma03) - Fri Jan 09 00:01:10 2009


2009/ 1/ 9 00:01:13
Login CDPDatabaseClient::SendLeave (jhma02) - Fri Jan 09 00:01:13 2009


2009/ 1/ 9 00:18:53
Login CDPDatabaseClient::SendLeave (jhma03) - Fri Jan 09 00:18:53 2009


2009/ 1/ 9 00:18:57
Login CDPDatabaseClient::SendLeave (jhma02) - Fri Jan 09 00:18:57 2009


2009/ 1/ 9 10:14:44
Login CDPDatabaseClient::SendLeave (jhma02) - Fri Jan 09 10:14:44 2009


2009/ 1/ 9 10:19:53
Login CDPDatabaseClient::SendLeave (jhma02) - Fri Jan 09 10:19:53 2009


2009/ 1/ 9 10:20:01
Login CDPDatabaseClient::SendLeave (jhma03) - Fri Jan 09 10:20:01 2009


2009/ 1/ 9 10:22:40
Login CDPDatabaseClient::SendLeave (jhma02) - Fri Jan 09 10:22:40 2009


2009/ 1/ 9 10:24:09
Login CDPDatabaseClient::SendLeave (jhma03) - Fri Jan 09 10:24:09 2009


2009/ 1/ 9 10:25:56
Login CDPDatabaseClient::SendLeave (jhma03) - Fri Jan 09 10:25:56 2009


2009/ 1/ 9 11:24:50
Login CDPDatabaseClient::SendLeave (jhma03) - Fri Jan 09 11:24:50 2009


2009/ 1/19 18:55:52
Login CDPDatabaseClient::SendLeave (jhma03) - Mon Jan 19 18:55:52 2009


2009/ 1/19 18:56:01
Login CDPDatabaseClient::SendLeave (jhma02) - Mon Jan 19 18:56:01 2009


2009/ 1/28 20:17:19
Login CDPDatabaseClient::SendLeave (jhma03) - Wed Jan 28 20:17:19 2009


2009/ 1/28 20:17:22
Login CDPDatabaseClient::SendLeave (jhma02) - Wed Jan 28 20:17:22 2009


2009/ 1/28 20:27:32
Login CDPDatabaseClient::SendLeave (jhma02) - Wed Jan 28 20:27:32 2009


2009/ 1/28 20:27:32
Login CDPDatabaseClient::SendLeave (jhma03) - Wed Jan 28 20:27:32 2009


2009/ 1/29 11:46:05
Login CDPDatabaseClient::SendLeave (jhma03) - Thu Jan 29 11:46:05 2009


2009/ 1/29 11:46:10
Login CDPDatabaseClient::SendLeave (jhma02) - Thu Jan 29 11:46:10 2009


2009/ 1/29 15:11:22
Login CDPDatabaseClient::SendLeave (jhma02) - Thu Jan 29 15:11:22 2009


2009/ 1/29 15:11:25
Login CDPDatabaseClient::SendLeave (jhma03) - Thu Jan 29 15:11:25 2009


2009/ 1/29 15:53:35
Login CDPDatabaseClient::SendLeave (jhma03) - Thu Jan 29 15:53:35 2009


2009/ 1/29 15:53:40
Login CDPDatabaseClient::SendLeave (jhma02) - Thu Jan 29 15:53:40 2009


2009/ 1/29 17:57:34
Login CDPDatabaseClient::SendLeave (jhma02) - Thu Jan 29 17:57:34 2009


2009/ 1/29 17:59:48
Login CDPDatabaseClient::SendLeave (jhma02) - Thu Jan 29 17:59:48 2009


2009/ 1/29 18:00:30
Login CDPDatabaseClient::SendLeave (jhma03) - Thu Jan 29 18:00:30 2009


2009/ 1/29 18:03:36
Login CDPDatabaseClient::SendLeave (jhma02) - Thu Jan 29 18:03:36 2009


2009/ 1/29 19:51:52
Login CDPDatabaseClient::SendLeave (jhma03) - Thu Jan 29 19:51:52 2009


2009/ 1/29 19:53:39
Login CDPDatabaseClient::SendLeave (jhma03) - Thu Jan 29 19:53:39 2009


2009/ 1/29 19:55:42
Login CDPDatabaseClient::SendLeave (jhma03) - Thu Jan 29 19:55:42 2009


2009/ 1/29 19:55:48
Login CDPDatabaseClient::SendLeave (jhma02) - Thu Jan 29 19:55:48 2009


2009/ 2/12 15:55:30
Login CDPDatabaseClient::SendLeave (jhma03) - Thu Feb 12 15:55:30 2009


2009/ 2/12 16:06:34
Login CDPDatabaseClient::SendLeave (jhma03) - Thu Feb 12 16:06:34 2009


2009/ 2/12 16:22:37
Login CDPDatabaseClient::SendLeave (jhma03) - Thu Feb 12 16:22:37 2009


2009/ 2/13 18:17:56
Login CDPDatabaseClient::SendLeave (jhma03) - Fri Feb 13 18:17:56 2009


2009/ 2/19 15:47:56
Login CDPDatabaseClient::SendLeave (jhma03) - Thu Feb 19 15:47:56 2009


2009/ 2/20 14:18:53
Login CDPDatabaseClient::SendLeave (jhma03) - Fri Feb 20 14:18:53 2009


2009/ 2/20 14:34:26
Login CDPDatabaseClient::SendLeave (jhma03) - Fri Feb 20 14:34:26 2009


2009/ 2/20 15:14:28
Login CDPDatabaseClient::SendLeave (jhma03) - Fri Feb 20 15:14:28 2009


2009/ 2/20 15:20:56
Login CDPDatabaseClient::SendLeave (jhma03) - Fri Feb 20 15:20:56 2009


2009/ 2/20 15:22:47
Login CDPDatabaseClient::SendLeave (jhma03) - Fri Feb 20 15:22:47 2009


2009/ 2/20 15:28:23
Login CDPDatabaseClient::SendLeave (jhma03) - Fri Feb 20 15:28:23 2009


2009/ 2/20 15:37:18
Login CDPDatabaseClient::SendLeave (jhma03) - Fri Feb 20 15:37:18 2009


2009/ 2/24 00:07:43
Login CDPDatabaseClient::SendLeave (jhma03) - Tue Feb 24 00:07:43 2009


2009/ 2/24 00:13:30
Login CDPDatabaseClient::SendLeave (jhma03) - Tue Feb 24 00:13:30 2009


2009/ 2/24 00:17:54
Login CDPDatabaseClient::SendLeave (jhma03) - Tue Feb 24 00:17:54 2009


2009/ 2/24 00:19:34
Login CDPDatabaseClient::SendLeave (jhma03) - Tue Feb 24 00:19:34 2009


2009/ 2/24 00:22:08
Login CDPDatabaseClient::SendLeave (jhma03) - Tue Feb 24 00:22:08 2009


2009/ 2/24 00:29:38
Login CDPDatabaseClient::SendLeave (jhma03) - Tue Feb 24 00:29:38 2009


2009/ 2/24 01:20:03
Login CDPDatabaseClient::SendLeave (jhma03) - Tue Feb 24 01:20:03 2009


2009/ 2/24 01:21:17
Login CDPDatabaseClient::SendLeave (jhma03) - Tue Feb 24 01:21:17 2009


2009/ 2/24 01:27:16
Login CDPDatabaseClient::SendLeave (jhma03) - Tue Feb 24 01:27:16 2009


2009/ 2/25 13:35:09
Login CDPDatabaseClient::SendLeave (jhma03) - Wed Feb 25 13:35:09 2009


2009/ 2/25 16:13:37
Login CDPDatabaseClient::SendLeave (jhma03) - Wed Feb 25 16:13:37 2009


2009/ 2/25 16:33:28
Login CDPDatabaseClient::SendLeave (jhma03) - Wed Feb 25 16:33:28 2009


2009/ 2/26 15:14:24
Login CDPDatabaseClient::SendLeave (jhma03) - Thu Feb 26 15:14:24 2009


2009/ 2/26 15:16:16
Login CDPDatabaseClient::SendLeave (jhma03) - Thu Feb 26 15:16:16 2009


2009/ 2/26 15:20:54
Login CDPDatabaseClient::SendLeave (jhma03) - Thu Feb 26 15:20:54 2009


2009/ 2/26 15:23:08
Login CDPDatabaseClient::SendLeave (jhma03) - Thu Feb 26 15:23:08 2009


2009/ 2/26 15:28:48
Login CDPDatabaseClient::SendLeave (jhma03) - Thu Feb 26 15:28:48 2009


2009/ 2/26 15:54:18
Login CDPDatabaseClient::SendLeave (jhma03) - Thu Feb 26 15:54:18 2009


2009/ 3/ 3 14:09:09
Login CDPDatabaseClient::SendLeave (jhma03) - Tue Mar 03 14:09:09 2009


2009/ 3/ 5 13:57:49
Login CDPDatabaseClient::SendLeave (jhma03) - Thu Mar 05 13:57:49 2009


2009/ 3/ 5 14:25:49
Login CDPDatabaseClient::SendLeave (jhma03) - Thu Mar 05 14:25:49 2009


2009/ 3/ 5 14:58:29
Login CDPDatabaseClient::SendLeave (jhma03) - Thu Mar 05 14:58:29 2009


2009/ 3/ 5 14:59:27
Login CDPDatabaseClient::SendLeave (jhma03) - Thu Mar 05 14:59:27 2009


2009/ 3/12 14:54:15
Login CDPDatabaseClient::SendLeave (jhma03) - Thu Mar 12 14:54:15 2009


2009/ 3/12 14:54:41
Login CDPDatabaseClient::SendLeave (jhma03) - Thu Mar 12 14:54:41 2009


2009/ 3/12 15:08:01
Login CDPDatabaseClient::SendLeave (jhma03) - Thu Mar 12 15:08:01 2009


2009/ 3/12 15:12:17
Login CDPDatabaseClient::SendLeave (jhma03) - Thu Mar 12 15:12:17 2009


2009/ 3/12 15:16:30
Login CDPDatabaseClient::SendLeave (jhma03) - Thu Mar 12 15:16:30 2009


2009/ 3/13 16:57:51
Login CDPDatabaseClient::SendLeave (jhma03) - Fri Mar 13 16:57:51 2009


2009/ 3/24 15:04:05
Login CDPDatabaseClient::SendLeave (jhma03) - Tue Mar 24 15:04:05 2009


2009/ 3/25 16:22:09
Login CDPDatabaseClient::SendLeave (jhma002) - Wed Mar 25 16:22:08 2009


2009/ 4/ 6 16:44:07
Login CDPDatabaseClient::SendLeave (jhma03) - Mon Apr 06 16:44:07 2009


2009/ 4/ 9 10:18:03
Login CDPDatabaseClient::SendLeave (jhma03) - Thu Apr 09 10:18:03 2009


2009/ 4/ 9 10:18:13
Login CDPDatabaseClient::SendLeave (jhma03) - Thu Apr 09 10:18:13 2009


2009/ 4/ 9 10:18:30
Login CDPDatabaseClient::SendLeave (jhma02) - Thu Apr 09 10:18:30 2009


2009/ 4/ 9 10:19:43
Login CDPDatabaseClient::SendLeave (jhma01) - Thu Apr 09 10:19:43 2009


2009/ 4/ 9 10:23:25
Login CDPDatabaseClient::SendLeave (jhma04) - Thu Apr 09 10:23:25 2009


2009/ 4/ 9 10:29:05
Login CDPDatabaseClient::SendLeave (jhma01) - Thu Apr 09 10:29:05 2009


2009/ 4/ 9 10:29:58
Login CDPDatabaseClient::SendLeave (jhma01) - Thu Apr 09 10:29:58 2009


2009/ 4/ 9 10:51:32
Login CDPDatabaseClient::SendLeave (jhma01) - Thu Apr 09 10:51:32 2009


2009/ 4/ 9 10:51:32
Login CDPDatabaseClient::SendLeave (jhma04) - Thu Apr 09 10:51:32 2009


2009/ 4/ 9 10:56:51
Login CDPDatabaseClient::SendLeave (jhma04) - Thu Apr 09 10:56:51 2009


2009/ 4/22 09:49:35
Login CDPDatabaseClient::SendLeave (jhma04) - Wed Apr 22 09:49:35 2009


2009/ 4/22 09:49:50
Login CDPDatabaseClient::SendLeave (jhma02) - Wed Apr 22 09:49:50 2009


2009/ 4/22 09:50:04
Login CDPDatabaseClient::SendLeave (jhma03) - Wed Apr 22 09:50:04 2009


2009/ 4/22 10:07:53
Login CDPDatabaseClient::SendLeave (jhma01) - Wed Apr 22 10:07:53 2009


2009/ 4/22 10:11:47
Login CDPDatabaseClient::SendLeave (jhma01) - Wed Apr 22 10:11:47 2009


2009/ 4/22 10:31:53
Login CDPDatabaseClient::SendLeave (jhma01) - Wed Apr 22 10:31:53 2009


2009/ 4/22 10:48:29
Login CDPDatabaseClient::SendLeave (jhma01) - Wed Apr 22 10:48:29 2009


2009/ 4/22 11:13:49
Login CDPDatabaseClient::SendLeave (jhma01) - Wed Apr 22 11:13:49 2009


2009/ 4/22 20:03:16
Login CDPDatabaseClient::SendLeave (jhma01) - Wed Apr 22 20:03:16 2009


2009/ 4/22 20:06:20
Login CDPDatabaseClient::SendLeave (jhma01) - Wed Apr 22 20:06:20 2009


2009/ 4/22 20:10:17
Login CDPDatabaseClient::SendLeave (jhma01) - Wed Apr 22 20:10:17 2009


2009/ 4/22 20:14:10
Login CDPDatabaseClient::SendLeave (jhma01) - Wed Apr 22 20:14:10 2009


2009/ 4/22 20:17:25
Login CDPDatabaseClient::SendLeave (jhma01) - Wed Apr 22 20:17:25 2009


2009/ 4/22 20:29:17
Login CDPDatabaseClient::SendLeave (jhma01) - Wed Apr 22 20:29:17 2009


2009/ 4/22 21:03:41
Login CDPDatabaseClient::SendLeave (jhma01) - Wed Apr 22 21:03:41 2009


2009/ 4/22 21:08:55
Login CDPDatabaseClient::SendLeave (jhma01) - Wed Apr 22 21:08:55 2009


2009/ 4/22 21:23:55
Login CDPDatabaseClient::SendLeave (jhma01) - Wed Apr 22 21:23:55 2009


2009/ 4/22 21:29:16
Login CDPDatabaseClient::SendLeave (jhma01) - Wed Apr 22 21:29:16 2009


2009/ 4/22 21:35:15
Login CDPDatabaseClient::SendLeave (jhma01) - Wed Apr 22 21:35:15 2009


2009/ 4/23 16:57:30
Login CDPDatabaseClient::SendLeave (jhma03) - Thu Apr 23 16:57:30 2009


2009/ 4/23 17:03:22
Login CDPDatabaseClient::SendLeave (jhma03) - Thu Apr 23 17:03:22 2009


2009/ 5/ 7 11:29:17
Login CDPDatabaseClient::SendLeave (jhma03) - Thu May 07 11:29:16 2009


2009/ 5/ 7 11:29:22
Login CDPDatabaseClient::SendLeave (jhma02) - Thu May 07 11:29:22 2009


2009/ 5/11 11:44:57
Login CDPDatabaseClient::SendLeave (jhma02) - Mon May 11 11:44:57 2009


2009/ 5/11 11:49:54
Login CDPDatabaseClient::SendLeave (jhma02) - Mon May 11 11:49:54 2009


2009/ 5/15 10:48:31
Login CDPDatabaseClient::SendLeave (jhma02) - Fri May 15 10:48:31 2009


2009/ 5/28 18:40:03
Login CDPDatabaseClient::SendLeave (jhma02) - Thu May 28 18:40:03 2009


2009/ 6/24 15:56:49
Login CDPDatabaseClient::SendLeave (jhma02) - Wed Jun 24 15:56:49 2009


2009/ 6/24 16:00:04
Login CDPDatabaseClient::SendLeave (jhma02) - Wed Jun 24 16:00:04 2009


2009/ 6/24 16:00:41
Login CDPDatabaseClient::SendLeave (jhma02) - Wed Jun 24 16:00:41 2009


2009/ 6/24 16:02:28
Login CDPDatabaseClient::SendLeave (jhma02) - Wed Jun 24 16:02:28 2009


2009/ 6/30 17:38:22
Login CDPDatabaseClient::SendLeave (jhma01) - Tue Jun 30 17:38:22 2009


2009/ 7/14 13:30:20
Login CDPDatabaseClient::SendLeave (jhma01) - Tue Jul 14 13:30:20 2009


2009/ 7/14 13:31:39
Login CDPDatabaseClient::SendLeave (jhma01) - Tue Jul 14 13:31:39 2009


2009/ 7/27 20:33:15
Login CDPDatabaseClient::SendLeave (jhma01) - Mon Jul 27 20:33:15 2009


2009/ 8/14 16:22:03
Login CDPDatabaseClient::SendLeave (jhma01) - Fri Aug 14 16:22:02 2009


2009/12/ 2 14:19:43
Login CDPDatabaseClient::SendLeave (jhma01) - Wed Dec 02 14:19:43 2009


2009/12/ 2 16:16:15
Login CDPDatabaseClient::SendLeave (jhma01) - Wed Dec 02 16:16:14 2009


2009/12/16 11:56:23
Login CDPDatabaseClient::SendLeave (jhma01) - Wed Dec 16 11:56:23 2009


2009/12/16 12:02:07
Login CDPDatabaseClient::SendLeave (jhma01) - Wed Dec 16 12:02:07 2009


2009/12/16 12:10:48
Login CDPDatabaseClient::SendLeave (jhma01) - Wed Dec 16 12:10:48 2009


2009/12/16 12:14:30
Login CDPDatabaseClient::SendLeave (jhma01) - Wed Dec 16 12:14:30 2009


2009/12/16 12:18:37
Login CDPDatabaseClient::SendLeave (jhma01) - Wed Dec 16 12:18:37 2009


2009/12/16 12:19:46
Login CDPDatabaseClient::SendLeave (jhma01) - Wed Dec 16 12:19:46 2009


2010/ 3/ 8 16:44:29
Login CDPDatabaseClient::SendLeave (jhma01) - Mon Mar 08 16:44:29 2010


2010/ 3/15 11:15:06
Login CDPDatabaseClient::SendLeave (jhma01) - Mon Mar 15 11:15:05 2010


2010/ 3/25 18:09:07
Login CDPDatabaseClient::SendLeave (jhma01) - Thu Mar 25 18:09:07 2010


2010/ 3/30 16:42:20
Login CDPDatabaseClient::SendLeave (jhma01) - Tue Mar 30 16:42:20 2010


2010/ 3/30 16:52:13
Login CDPDatabaseClient::SendLeave (jhma02) - Tue Mar 30 16:52:13 2010


2010/ 3/30 17:11:55
Login CDPDatabaseClient::SendLeave (jhma02) - Tue Mar 30 17:11:55 2010


2010/ 4/ 2 18:04:43
Login CDPDatabaseClient::SendLeave (jhma02) - Fri Apr 02 18:04:43 2010


2010/ 4/ 2 18:15:31
Login CDPDatabaseClient::SendLeave (jhma02) - Fri Apr 02 18:15:31 2010


2010/ 4/ 2 18:22:54
Login CDPDatabaseClient::SendLeave (jhma02) - Fri Apr 02 18:22:54 2010


2010/ 4/ 2 18:32:31
Login CDPDatabaseClient::SendLeave (jhma02) - Fri Apr 02 18:32:31 2010


2010/ 4/ 2 18:39:57
Login CDPDatabaseClient::SendLeave (jhma02) - Fri Apr 02 18:39:57 2010


2010/ 4/ 5 10:36:56
Login CDPDatabaseClient::SendLeave (jhma02) - Mon Apr 05 10:36:56 2010


